[2024-04-25 11:14:02,505] INFO Shutting down the log cleaner. (kafka.log.LogCleaner)
[2024-04-25 11:14:02,505] INFO [kafka-log-cleaner-thread-0]: Shutting down (kafka.log.LogCleaner)
[2024-04-25 11:14:02,505] INFO [kafka-log-cleaner-thread-0]: Stopped (kafka.log.LogCleaner)
[2024-04-25 11:14:02,505] INFO [kafka-log-cleaner-thread-0]: Shutdown completed (kafka.log.LogCleaner)
[2024-04-25 11:48:10,001] INFO Starting the log cleaner (kafka.log.LogCleaner)
[2024-04-25 11:48:10,083] INFO [kafka-log-cleaner-thread-0]: Starting (kafka.log.LogCleaner)
[2024-04-25 11:48:50,070] INFO Starting the log cleaner (kafka.log.LogCleaner)
[2024-04-25 11:48:50,152] INFO [kafka-log-cleaner-thread-0]: Starting (kafka.log.LogCleaner)
[2024-04-25 11:49:04,349] INFO Starting the log cleaner (kafka.log.LogCleaner)
[2024-04-25 11:49:04,422] INFO [kafka-log-cleaner-thread-0]: Starting (kafka.log.LogCleaner)
[2024-04-25 11:51:43,497] INFO Shutting down the log cleaner. (kafka.log.LogCleaner)
[2024-04-25 11:51:43,497] INFO [kafka-log-cleaner-thread-0]: Shutting down (kafka.log.LogCleaner)
[2024-04-25 11:51:43,497] INFO [kafka-log-cleaner-thread-0]: Stopped (kafka.log.LogCleaner)
[2024-04-25 11:51:43,497] INFO [kafka-log-cleaner-thread-0]: Shutdown completed (kafka.log.LogCleaner)
[2024-04-25 11:52:12,600] INFO Starting the log cleaner (kafka.log.LogCleaner)
[2024-04-25 11:52:12,675] INFO [kafka-log-cleaner-thread-0]: Starting (kafka.log.LogCleaner)
[2024-04-25 11:52:30,749] INFO Shutting down the log cleaner. (kafka.log.LogCleaner)
[2024-04-25 11:52:30,750] INFO [kafka-log-cleaner-thread-0]: Shutting down (kafka.log.LogCleaner)
[2024-04-25 11:52:30,750] INFO [kafka-log-cleaner-thread-0]: Stopped (kafka.log.LogCleaner)
[2024-04-25 11:52:30,750] INFO [kafka-log-cleaner-thread-0]: Shutdown completed (kafka.log.LogCleaner)
[2024-04-25 11:52:40,034] INFO Starting the log cleaner (kafka.log.LogCleaner)
[2024-04-25 11:52:40,108] INFO [kafka-log-cleaner-thread-0]: Starting (kafka.log.LogCleaner)
[2024-04-25 11:58:45,041] INFO Starting the log cleaner (kafka.log.LogCleaner)
[2024-04-25 11:58:45,123] INFO [kafka-log-cleaner-thread-0]: Starting (kafka.log.LogCleaner)
[2024-04-25 11:58:52,769] INFO Starting the log cleaner (kafka.log.LogCleaner)
[2024-04-25 11:58:52,844] INFO [kafka-log-cleaner-thread-0]: Starting (kafka.log.LogCleaner)
[2024-04-25 11:58:58,850] INFO Starting the log cleaner (kafka.log.LogCleaner)
[2024-04-25 11:58:58,928] INFO [kafka-log-cleaner-thread-0]: Starting (kafka.log.LogCleaner)
[2024-04-25 11:59:20,615] INFO Starting the log cleaner (kafka.log.LogCleaner)
[2024-04-25 11:59:20,698] INFO [kafka-log-cleaner-thread-0]: Starting (kafka.log.LogCleaner)
[2024-04-25 12:00:06,578] INFO Starting the log cleaner (kafka.log.LogCleaner)
[2024-04-25 12:00:06,665] INFO [kafka-log-cleaner-thread-0]: Starting (kafka.log.LogCleaner)
[2024-04-25 12:00:14,086] INFO Starting the log cleaner (kafka.log.LogCleaner)
[2024-04-25 12:00:14,161] INFO [kafka-log-cleaner-thread-0]: Starting (kafka.log.LogCleaner)
[2024-04-25 12:00:17,662] INFO Starting the log cleaner (kafka.log.LogCleaner)
[2024-04-25 12:00:17,743] INFO [kafka-log-cleaner-thread-0]: Starting (kafka.log.LogCleaner)
[2024-04-25 12:00:18,451] INFO Shutting down the log cleaner. (kafka.log.LogCleaner)
[2024-04-25 12:00:18,451] INFO [kafka-log-cleaner-thread-0]: Shutting down (kafka.log.LogCleaner)
[2024-04-25 12:00:18,453] INFO [kafka-log-cleaner-thread-0]: Stopped (kafka.log.LogCleaner)
[2024-04-25 12:00:18,453] INFO [kafka-log-cleaner-thread-0]: Shutdown completed (kafka.log.LogCleaner)
[2024-04-25 12:00:38,689] INFO Shutting down the log cleaner. (kafka.log.LogCleaner)
[2024-04-25 12:00:38,689] INFO [kafka-log-cleaner-thread-0]: Shutting down (kafka.log.LogCleaner)
[2024-04-25 12:00:38,690] INFO [kafka-log-cleaner-thread-0]: Stopped (kafka.log.LogCleaner)
[2024-04-25 12:00:38,690] INFO [kafka-log-cleaner-thread-0]: Shutdown completed (kafka.log.LogCleaner)
[2024-04-25 12:00:49,809] INFO Shutting down the log cleaner. (kafka.log.LogCleaner)
[2024-04-25 12:00:49,809] INFO [kafka-log-cleaner-thread-0]: Shutting down (kafka.log.LogCleaner)
[2024-04-25 12:00:49,809] INFO [kafka-log-cleaner-thread-0]: Stopped (kafka.log.LogCleaner)
[2024-04-25 12:00:49,809] INFO [kafka-log-cleaner-thread-0]: Shutdown completed (kafka.log.LogCleaner)
[2024-04-25 12:01:14,171] INFO Starting the log cleaner (kafka.log.LogCleaner)
[2024-04-25 12:01:14,245] INFO [kafka-log-cleaner-thread-0]: Starting (kafka.log.LogCleaner)
[2024-04-25 12:01:23,337] INFO Starting the log cleaner (kafka.log.LogCleaner)
[2024-04-25 12:01:23,429] INFO [kafka-log-cleaner-thread-0]: Starting (kafka.log.LogCleaner)
[2024-04-25 12:01:28,091] INFO Starting the log cleaner (kafka.log.LogCleaner)
[2024-04-25 12:01:28,169] INFO [kafka-log-cleaner-thread-0]: Starting (kafka.log.LogCleaner)
[2024-04-25 14:38:07,514] INFO Starting the log cleaner (kafka.log.LogCleaner)
[2024-04-25 14:38:07,590] INFO [kafka-log-cleaner-thread-0]: Starting (kafka.log.LogCleaner)
[2024-04-25 14:38:11,040] INFO Starting the log cleaner (kafka.log.LogCleaner)
[2024-04-25 14:38:11,118] INFO [kafka-log-cleaner-thread-0]: Starting (kafka.log.LogCleaner)
[2024-04-25 14:38:14,722] INFO Starting the log cleaner (kafka.log.LogCleaner)
[2024-04-25 14:38:14,798] INFO [kafka-log-cleaner-thread-0]: Starting (kafka.log.LogCleaner)
[2024-04-25 14:38:44,306] INFO Starting the log cleaner (kafka.log.LogCleaner)
[2024-04-25 14:38:44,382] INFO [kafka-log-cleaner-thread-0]: Starting (kafka.log.LogCleaner)
[2024-04-25 14:39:37,410] INFO Shutting down the log cleaner. (kafka.log.LogCleaner)
[2024-04-25 14:39:37,410] INFO [kafka-log-cleaner-thread-0]: Shutting down (kafka.log.LogCleaner)
[2024-04-25 14:39:37,410] INFO [kafka-log-cleaner-thread-0]: Shutdown completed (kafka.log.LogCleaner)
[2024-04-25 14:39:37,410] INFO [kafka-log-cleaner-thread-0]: Stopped (kafka.log.LogCleaner)
[2024-04-25 14:39:51,207] INFO Starting the log cleaner (kafka.log.LogCleaner)
[2024-04-25 14:39:51,272] INFO [kafka-log-cleaner-thread-0]: Starting (kafka.log.LogCleaner)
[2024-04-25 14:39:51,821] INFO Shutting down the log cleaner. (kafka.log.LogCleaner)
[2024-04-25 14:39:51,822] INFO [kafka-log-cleaner-thread-0]: Shutting down (kafka.log.LogCleaner)
[2024-04-25 14:39:51,823] INFO [kafka-log-cleaner-thread-0]: Stopped (kafka.log.LogCleaner)
[2024-04-25 14:39:51,823] INFO [kafka-log-cleaner-thread-0]: Shutdown completed (kafka.log.LogCleaner)
[2024-04-25 14:39:56,878] INFO Starting the log cleaner (kafka.log.LogCleaner)
[2024-04-25 14:39:56,949] INFO [kafka-log-cleaner-thread-0]: Starting (kafka.log.LogCleaner)
[2024-04-25 14:40:44,678] INFO Shutting down the log cleaner. (kafka.log.LogCleaner)
[2024-04-25 14:40:44,678] INFO [kafka-log-cleaner-thread-0]: Shutting down (kafka.log.LogCleaner)
[2024-04-25 14:40:44,678] INFO [kafka-log-cleaner-thread-0]: Stopped (kafka.log.LogCleaner)
[2024-04-25 14:40:44,678] INFO [kafka-log-cleaner-thread-0]: Shutdown completed (kafka.log.LogCleaner)
[2024-04-25 14:41:04,408] INFO Starting the log cleaner (kafka.log.LogCleaner)
[2024-04-25 14:41:04,482] INFO [kafka-log-cleaner-thread-0]: Starting (kafka.log.LogCleaner)
[2024-04-25 14:41:13,779] INFO Starting the log cleaner (kafka.log.LogCleaner)
[2024-04-25 14:41:13,861] INFO [kafka-log-cleaner-thread-0]: Starting (kafka.log.LogCleaner)
[2024-04-25 14:41:24,547] INFO Starting the log cleaner (kafka.log.LogCleaner)
[2024-04-25 14:41:24,624] INFO [kafka-log-cleaner-thread-0]: Starting (kafka.log.LogCleaner)
[2024-04-25 15:17:37,011] INFO Shutting down the log cleaner. (kafka.log.LogCleaner)
[2024-04-25 15:17:37,011] INFO [kafka-log-cleaner-thread-0]: Shutting down (kafka.log.LogCleaner)
[2024-04-25 15:17:37,011] INFO [kafka-log-cleaner-thread-0]: Stopped (kafka.log.LogCleaner)
[2024-04-25 15:17:37,011] INFO [kafka-log-cleaner-thread-0]: Shutdown completed (kafka.log.LogCleaner)
[2024-04-25 15:20:14,977] INFO Shutting down the log cleaner. (kafka.log.LogCleaner)
[2024-04-25 15:20:14,978] INFO [kafka-log-cleaner-thread-0]: Shutting down (kafka.log.LogCleaner)
[2024-04-25 15:20:14,978] INFO [kafka-log-cleaner-thread-0]: Stopped (kafka.log.LogCleaner)
[2024-04-25 15:20:14,978] INFO [kafka-log-cleaner-thread-0]: Shutdown completed (kafka.log.LogCleaner)
[2024-04-25 15:20:49,807] INFO Shutting down the log cleaner. (kafka.log.LogCleaner)
[2024-04-25 15:20:49,808] INFO [kafka-log-cleaner-thread-0]: Shutting down (kafka.log.LogCleaner)
[2024-04-25 15:20:49,808] INFO [kafka-log-cleaner-thread-0]: Stopped (kafka.log.LogCleaner)
[2024-04-25 15:20:49,808] INFO [kafka-log-cleaner-thread-0]: Shutdown completed (kafka.log.LogCleaner)
[2024-04-29 12:12:54,482] INFO Starting the log cleaner (kafka.log.LogCleaner)
[2024-04-29 12:12:54,558] INFO [kafka-log-cleaner-thread-0]: Starting (kafka.log.LogCleaner)
[2024-04-29 12:13:31,259] INFO Starting the log cleaner (kafka.log.LogCleaner)
[2024-04-29 12:13:31,336] INFO [kafka-log-cleaner-thread-0]: Starting (kafka.log.LogCleaner)
[2024-04-29 12:13:48,382] INFO Starting the log cleaner (kafka.log.LogCleaner)
[2024-04-29 12:13:48,458] INFO [kafka-log-cleaner-thread-0]: Starting (kafka.log.LogCleaner)
[2024-05-03 15:22:28,974] INFO Starting the log cleaner (kafka.log.LogCleaner)
[2024-05-03 15:22:29,058] INFO [kafka-log-cleaner-thread-0]: Starting (kafka.log.LogCleaner)
[2024-05-03 15:37:41,671] INFO Starting the log cleaner (kafka.log.LogCleaner)
[2024-05-03 15:37:41,746] INFO [kafka-log-cleaner-thread-0]: Starting (kafka.log.LogCleaner)
[2024-05-03 15:45:03,846] INFO Starting the log cleaner (kafka.log.LogCleaner)
[2024-05-03 15:45:03,954] INFO [kafka-log-cleaner-thread-0]: Starting (kafka.log.LogCleaner)
[2024-05-03 15:47:36,755] INFO Shutting down the log cleaner. (kafka.log.LogCleaner)
[2024-05-03 15:47:36,756] INFO [kafka-log-cleaner-thread-0]: Shutting down (kafka.log.LogCleaner)
[2024-05-03 15:47:36,756] INFO [kafka-log-cleaner-thread-0]: Stopped (kafka.log.LogCleaner)
[2024-05-03 15:47:36,756] INFO [kafka-log-cleaner-thread-0]: Shutdown completed (kafka.log.LogCleaner)
[2024-05-13 15:21:40,595] INFO Starting the log cleaner (kafka.log.LogCleaner)
[2024-05-13 15:21:40,684] INFO [kafka-log-cleaner-thread-0]: Starting (kafka.log.LogCleaner)
[2024-05-13 15:22:14,266] INFO Starting the log cleaner (kafka.log.LogCleaner)
[2024-05-13 15:22:14,343] INFO [kafka-log-cleaner-thread-0]: Starting (kafka.log.LogCleaner)
[2024-05-13 15:22:26,929] INFO Starting the log cleaner (kafka.log.LogCleaner)
[2024-05-13 15:22:27,010] INFO [kafka-log-cleaner-thread-0]: Starting (kafka.log.LogCleaner)
[2024-05-13 15:23:42,804] INFO Starting the log cleaner (kafka.log.LogCleaner)
[2024-05-13 15:23:42,879] INFO [kafka-log-cleaner-thread-0]: Starting (kafka.log.LogCleaner)
[2024-05-13 15:23:56,107] INFO Starting the log cleaner (kafka.log.LogCleaner)
[2024-05-13 15:23:56,185] INFO [kafka-log-cleaner-thread-0]: Starting (kafka.log.LogCleaner)
[2024-05-13 15:24:14,575] INFO Starting the log cleaner (kafka.log.LogCleaner)
[2024-05-13 15:24:14,650] INFO [kafka-log-cleaner-thread-0]: Starting (kafka.log.LogCleaner)
[2024-05-13 15:27:35,029] INFO Starting the log cleaner (kafka.log.LogCleaner)
[2024-05-13 15:27:35,104] INFO [kafka-log-cleaner-thread-0]: Starting (kafka.log.LogCleaner)
[2024-05-13 15:27:52,277] INFO Starting the log cleaner (kafka.log.LogCleaner)
[2024-05-13 15:27:52,353] INFO [kafka-log-cleaner-thread-0]: Starting (kafka.log.LogCleaner)
[2024-05-13 15:28:04,541] INFO Starting the log cleaner (kafka.log.LogCleaner)
[2024-05-13 15:28:04,614] INFO [kafka-log-cleaner-thread-0]: Starting (kafka.log.LogCleaner)
[2024-05-14 14:41:57,054] INFO Starting the log cleaner (kafka.log.LogCleaner)
[2024-05-14 14:41:57,138] INFO [kafka-log-cleaner-thread-0]: Starting (kafka.log.LogCleaner)
[2024-05-14 14:42:05,246] INFO Starting the log cleaner (kafka.log.LogCleaner)
[2024-05-14 14:42:05,322] INFO [kafka-log-cleaner-thread-0]: Starting (kafka.log.LogCleaner)
[2024-05-14 14:42:12,361] INFO Starting the log cleaner (kafka.log.LogCleaner)
[2024-05-14 14:42:12,442] INFO [kafka-log-cleaner-thread-0]: Starting (kafka.log.LogCleaner)
[2024-05-15 15:06:45,806] INFO Starting the log cleaner (kafka.log.LogCleaner)
[2024-05-15 15:06:45,883] INFO [kafka-log-cleaner-thread-0]: Starting (kafka.log.LogCleaner)
[2024-05-15 15:06:54,003] INFO Starting the log cleaner (kafka.log.LogCleaner)
[2024-05-15 15:06:54,080] INFO [kafka-log-cleaner-thread-0]: Starting (kafka.log.LogCleaner)
[2024-05-15 15:07:01,746] INFO Starting the log cleaner (kafka.log.LogCleaner)
[2024-05-15 15:07:01,837] INFO [kafka-log-cleaner-thread-0]: Starting (kafka.log.LogCleaner)
[2024-05-16 14:00:52,865] INFO Starting the log cleaner (kafka.log.LogCleaner)
[2024-05-16 14:00:52,950] INFO [kafka-log-cleaner-thread-0]: Starting (kafka.log.LogCleaner)
[2024-05-16 14:00:53,700] INFO Shutting down the log cleaner. (kafka.log.LogCleaner)
[2024-05-16 14:00:53,700] INFO [kafka-log-cleaner-thread-0]: Shutting down (kafka.log.LogCleaner)
[2024-05-16 14:00:53,703] INFO [kafka-log-cleaner-thread-0]: Stopped (kafka.log.LogCleaner)
[2024-05-16 14:00:53,703] INFO [kafka-log-cleaner-thread-0]: Shutdown completed (kafka.log.LogCleaner)
[2024-05-16 14:01:00,174] INFO Starting the log cleaner (kafka.log.LogCleaner)
[2024-05-16 14:01:00,247] INFO [kafka-log-cleaner-thread-0]: Starting (kafka.log.LogCleaner)
[2024-05-16 14:01:07,341] INFO Starting the log cleaner (kafka.log.LogCleaner)
[2024-05-16 14:01:07,420] INFO [kafka-log-cleaner-thread-0]: Starting (kafka.log.LogCleaner)
[2024-05-16 14:01:24,546] INFO Starting the log cleaner (kafka.log.LogCleaner)
[2024-05-16 14:01:24,626] INFO [kafka-log-cleaner-thread-0]: Starting (kafka.log.LogCleaner)
[2024-05-16 18:29:31,821] INFO Starting the log cleaner (kafka.log.LogCleaner)
[2024-05-16 18:29:31,915] INFO [kafka-log-cleaner-thread-0]: Starting (kafka.log.LogCleaner)
[2024-05-16 18:29:32,642] INFO Shutting down the log cleaner. (kafka.log.LogCleaner)
[2024-05-16 18:29:32,642] INFO [kafka-log-cleaner-thread-0]: Shutting down (kafka.log.LogCleaner)
[2024-05-16 18:29:32,643] INFO [kafka-log-cleaner-thread-0]: Stopped (kafka.log.LogCleaner)
[2024-05-16 18:29:32,643] INFO [kafka-log-cleaner-thread-0]: Shutdown completed (kafka.log.LogCleaner)
[2024-05-16 18:29:38,558] INFO Starting the log cleaner (kafka.log.LogCleaner)
[2024-05-16 18:29:38,637] INFO [kafka-log-cleaner-thread-0]: Starting (kafka.log.LogCleaner)
[2024-05-16 18:29:45,050] INFO Starting the log cleaner (kafka.log.LogCleaner)
[2024-05-16 18:29:45,130] INFO [kafka-log-cleaner-thread-0]: Starting (kafka.log.LogCleaner)
[2024-05-16 18:30:48,679] INFO Starting the log cleaner (kafka.log.LogCleaner)
[2024-05-16 18:30:48,761] INFO [kafka-log-cleaner-thread-0]: Starting (kafka.log.LogCleaner)
[2024-05-17 14:02:27,950] INFO Starting the log cleaner (kafka.log.LogCleaner)
[2024-05-17 14:02:28,034] INFO [kafka-log-cleaner-thread-0]: Starting (kafka.log.LogCleaner)
[2024-05-17 14:03:15,137] INFO Starting the log cleaner (kafka.log.LogCleaner)
[2024-05-17 14:03:15,224] INFO [kafka-log-cleaner-thread-0]: Starting (kafka.log.LogCleaner)
[2024-05-17 14:03:26,178] INFO Starting the log cleaner (kafka.log.LogCleaner)
[2024-05-17 14:03:26,253] INFO [kafka-log-cleaner-thread-0]: Starting (kafka.log.LogCleaner)
[2024-05-17 14:07:20,749] INFO Shutting down the log cleaner. (kafka.log.LogCleaner)
[2024-05-17 14:07:20,750] INFO [kafka-log-cleaner-thread-0]: Shutting down (kafka.log.LogCleaner)
[2024-05-17 14:07:20,750] INFO [kafka-log-cleaner-thread-0]: Stopped (kafka.log.LogCleaner)
[2024-05-17 14:07:20,750] INFO [kafka-log-cleaner-thread-0]: Shutdown completed (kafka.log.LogCleaner)
[2024-05-17 14:08:53,397] INFO Shutting down the log cleaner. (kafka.log.LogCleaner)
[2024-05-17 14:08:53,397] INFO [kafka-log-cleaner-thread-0]: Shutting down (kafka.log.LogCleaner)
[2024-05-17 14:08:53,397] INFO [kafka-log-cleaner-thread-0]: Stopped (kafka.log.LogCleaner)
[2024-05-17 14:08:53,397] INFO [kafka-log-cleaner-thread-0]: Shutdown completed (kafka.log.LogCleaner)
[2024-05-17 14:10:19,057] INFO Starting the log cleaner (kafka.log.LogCleaner)
[2024-05-17 14:10:19,134] INFO [kafka-log-cleaner-thread-0]: Starting (kafka.log.LogCleaner)
[2024-05-17 14:10:58,410] INFO Starting the log cleaner (kafka.log.LogCleaner)
[2024-05-17 14:10:58,491] INFO [kafka-log-cleaner-thread-0]: Starting (kafka.log.LogCleaner)
[2024-05-17 14:12:24,568] INFO Shutting down the log cleaner. (kafka.log.LogCleaner)
[2024-05-17 14:12:24,569] INFO [kafka-log-cleaner-thread-0]: Shutting down (kafka.log.LogCleaner)
[2024-05-17 14:12:24,569] INFO [kafka-log-cleaner-thread-0]: Stopped (kafka.log.LogCleaner)
[2024-05-17 14:12:24,569] INFO [kafka-log-cleaner-thread-0]: Shutdown completed (kafka.log.LogCleaner)
[2024-05-17 14:13:00,560] INFO Starting the log cleaner (kafka.log.LogCleaner)
[2024-05-17 14:13:00,639] INFO [kafka-log-cleaner-thread-0]: Starting (kafka.log.LogCleaner)
[2024-10-16 12:15:31,782] INFO Starting the log cleaner (kafka.log.LogCleaner)
[2024-10-16 12:15:31,925] INFO [kafka-log-cleaner-thread-0]: Starting (kafka.log.LogCleaner)
[2024-10-16 12:16:03,428] INFO Starting the log cleaner (kafka.log.LogCleaner)
[2024-10-16 12:16:03,561] INFO [kafka-log-cleaner-thread-0]: Starting (kafka.log.LogCleaner)
[2024-10-16 12:16:28,104] INFO Starting the log cleaner (kafka.log.LogCleaner)
[2024-10-16 12:16:28,281] INFO [kafka-log-cleaner-thread-0]: Starting (kafka.log.LogCleaner)
[2024-10-16 12:18:29,438] INFO Starting the log cleaner (kafka.log.LogCleaner)
[2024-10-16 12:18:29,580] INFO [kafka-log-cleaner-thread-0]: Starting (kafka.log.LogCleaner)
[2024-10-16 12:18:42,846] INFO Starting the log cleaner (kafka.log.LogCleaner)
[2024-10-16 12:18:42,989] INFO [kafka-log-cleaner-thread-0]: Starting (kafka.log.LogCleaner)
[2024-10-16 12:18:44,633] INFO Cleaner 0: Beginning cleaning of log __consumer_offsets-0 (kafka.log.LogCleaner)
[2024-10-16 12:18:44,633] INFO Cleaner 0: Building offset map for __consumer_offsets-0... (kafka.log.LogCleaner)
[2024-10-16 12:18:44,688] INFO Cleaner 0: Building offset map for log __consumer_offsets-0 for 1 segments in offset range [0, 3). (kafka.log.LogCleaner)
[2024-10-16 12:18:44,739] INFO Cleaner 0: Offset map for log __consumer_offsets-0 complete. (kafka.log.LogCleaner)
[2024-10-16 12:18:44,740] INFO Cleaner 0: Cleaning log __consumer_offsets-0 (cleaning prior to Thu May 16 18:39:45 IST 2024, discarding tombstones prior to upper bound deletion horizon Thu Jan 01 05:30:00 IST 1970)... (kafka.log.LogCleaner)
[2024-10-16 12:18:44,755] INFO Cleaner 0: Cleaning LogSegment(baseOffset=0, size=602, lastModifiedTime=1715864985903, largestRecordTimestamp=Some(1715864985867)) in log __consumer_offsets-0 into 0 with an upper bound deletion horizon 0 computed from the segment last modified time of 1715864985903,retaining deletes. (kafka.log.LogCleaner)
[2024-10-16 12:18:44,774] INFO Cleaner 0: Swapping in cleaned segment LogSegment(baseOffset=0, size=98, lastModifiedTime=1715864985903, largestRecordTimestamp=Some(1715864985867)) for segment(s) List(LogSegment(baseOffset=0, size=602, lastModifiedTime=1715864985903, largestRecordTimestamp=Some(1715864985867))) in log Log(dir=c:\temp\kafka-logs-2\__consumer_offsets-0, topicId=GyZoo0jzSEyv4EqO79l0ZQ, topic=__consumer_offsets, partition=0, highWatermark=4, lastStableOffset=4, logStartOffset=0, logEndOffset=4) (kafka.log.LogCleaner)
[2024-10-16 12:18:44,808] INFO Cleaner 0: Beginning cleaning of log __consumer_offsets-0 (kafka.log.LogCleaner)
[2024-10-16 12:18:44,808] INFO Cleaner 0: Building offset map for __consumer_offsets-0... (kafka.log.LogCleaner)
[2024-10-16 12:18:44,856] INFO Cleaner 0: Building offset map for log __consumer_offsets-0 for 1 segments in offset range [0, 3). (kafka.log.LogCleaner)
[2024-10-16 12:18:44,859] INFO Cleaner 0: Offset map for log __consumer_offsets-0 complete. (kafka.log.LogCleaner)
[2024-10-16 12:18:44,869] INFO Cleaner 0: Cleaning log __consumer_offsets-0 (cleaning prior to Thu May 16 18:39:45 IST 2024, discarding tombstones prior to upper bound deletion horizon Thu Jan 01 05:30:00 IST 1970)... (kafka.log.LogCleaner)
[2024-10-16 12:18:44,899] INFO Cleaner 0: Beginning cleaning of log __consumer_offsets-0 (kafka.log.LogCleaner)
[2024-10-16 12:18:44,899] INFO Cleaner 0: Building offset map for __consumer_offsets-0... (kafka.log.LogCleaner)
[2024-10-16 12:18:44,919] INFO Cleaner 0: Building offset map for log __consumer_offsets-0 for 1 segments in offset range [0, 3). (kafka.log.LogCleaner)
[2024-10-16 12:18:44,920] INFO Cleaner 0: Offset map for log __consumer_offsets-0 complete. (kafka.log.LogCleaner)
[2024-10-16 12:18:44,920] INFO Cleaner 0: Cleaning log __consumer_offsets-0 (cleaning prior to Thu May 16 18:39:45 IST 2024, discarding tombstones prior to upper bound deletion horizon Thu Jan 01 05:30:00 IST 1970)... (kafka.log.LogCleaner)
[2024-10-16 12:18:44,937] INFO Cleaner 0: Beginning cleaning of log __consumer_offsets-0 (kafka.log.LogCleaner)
[2024-10-16 12:18:44,937] INFO Cleaner 0: Building offset map for __consumer_offsets-0... (kafka.log.LogCleaner)
[2024-10-16 12:18:44,964] INFO Cleaner 0: Building offset map for log __consumer_offsets-0 for 1 segments in offset range [0, 3). (kafka.log.LogCleaner)
[2024-10-16 12:18:44,965] INFO Cleaner 0: Offset map for log __consumer_offsets-0 complete. (kafka.log.LogCleaner)
[2024-10-16 12:18:44,966] INFO Cleaner 0: Cleaning log __consumer_offsets-0 (cleaning prior to Thu May 16 18:39:45 IST 2024, discarding tombstones prior to upper bound deletion horizon Thu Jan 01 05:30:00 IST 1970)... (kafka.log.LogCleaner)
[2024-10-16 12:20:28,409] INFO Starting the log cleaner (kafka.log.LogCleaner)
[2024-10-16 12:20:28,549] INFO [kafka-log-cleaner-thread-0]: Starting (kafka.log.LogCleaner)
[2024-10-16 12:20:32,199] INFO Starting the log cleaner (kafka.log.LogCleaner)
[2024-10-16 12:20:32,337] INFO [kafka-log-cleaner-thread-0]: Starting (kafka.log.LogCleaner)
[2024-10-16 12:26:43,902] INFO Cleaner 0: Beginning cleaning of log __consumer_offsets-26 (kafka.log.LogCleaner)
[2024-10-16 12:26:43,903] INFO Cleaner 0: Building offset map for __consumer_offsets-26... (kafka.log.LogCleaner)
[2024-10-16 12:26:43,952] INFO Cleaner 0: Building offset map for log __consumer_offsets-26 for 1 segments in offset range [0, 135). (kafka.log.LogCleaner)
[2024-10-16 12:26:43,971] INFO Cleaner 0: Offset map for log __consumer_offsets-26 complete. (kafka.log.LogCleaner)
[2024-10-16 12:26:43,973] INFO Cleaner 0: Cleaning log __consumer_offsets-26 (cleaning prior to Fri May 17 14:28:05 IST 2024, discarding tombstones prior to upper bound deletion horizon Thu Jan 01 05:30:00 IST 1970)... (kafka.log.LogCleaner)
[2024-10-16 12:26:43,980] INFO Cleaner 0: Cleaning LogSegment(baseOffset=0, size=33998, lastModifiedTime=1715936285777, largestRecordTimestamp=Some(1715936285776)) in log __consumer_offsets-26 into 0 with an upper bound deletion horizon 0 computed from the segment last modified time of 1715936285777,retaining deletes. (kafka.log.LogCleaner)
[2024-10-16 12:26:43,993] INFO Cleaner 0: Swapping in cleaned segment LogSegment(baseOffset=0, size=620, lastModifiedTime=1715936285777, largestRecordTimestamp=Some(1715936285776)) for segment(s) List(LogSegment(baseOffset=0, size=33998, lastModifiedTime=1715936285777, largestRecordTimestamp=Some(1715936285776))) in log Log(dir=c:\temp\kafka-logs\__consumer_offsets-26, topicId=GyZoo0jzSEyv4EqO79l0ZQ, topic=__consumer_offsets, partition=26, highWatermark=140, lastStableOffset=140, logStartOffset=0, logEndOffset=140) (kafka.log.LogCleaner)
[2024-10-16 12:26:44,019] INFO Cleaner 0: Beginning cleaning of log __consumer_offsets-26 (kafka.log.LogCleaner)
[2024-10-16 12:26:44,019] INFO Cleaner 0: Building offset map for __consumer_offsets-26... (kafka.log.LogCleaner)
[2024-10-16 15:11:50,368] INFO Starting the log cleaner (kafka.log.LogCleaner)
[2024-10-16 15:11:50,521] INFO [kafka-log-cleaner-thread-0]: Starting (kafka.log.LogCleaner)
[2024-10-16 15:12:05,596] INFO Cleaner 0: Beginning cleaning of log __consumer_offsets-26 (kafka.log.LogCleaner)
[2024-10-16 15:12:05,596] INFO Cleaner 0: Building offset map for __consumer_offsets-26... (kafka.log.LogCleaner)
[2024-10-16 15:12:05,653] INFO Cleaner 0: Building offset map for log __consumer_offsets-26 for 1 segments in offset range [0, 135). (kafka.log.LogCleaner)
[2024-10-16 15:12:05,693] INFO Cleaner 0: Offset map for log __consumer_offsets-26 complete. (kafka.log.LogCleaner)
[2024-10-16 15:12:05,694] INFO Cleaner 0: Cleaning log __consumer_offsets-26 (cleaning prior to Fri May 17 14:28:05 IST 2024, discarding tombstones prior to upper bound deletion horizon Thu Jan 01 05:30:00 IST 1970)... (kafka.log.LogCleaner)
[2024-10-16 15:12:05,712] INFO Cleaner 0: Cleaning LogSegment(baseOffset=0, size=33998, lastModifiedTime=1715936285777, largestRecordTimestamp=Some(1715936285776)) in log __consumer_offsets-26 into 0 with an upper bound deletion horizon 0 computed from the segment last modified time of 1715936285777,retaining deletes. (kafka.log.LogCleaner)
[2024-10-16 15:12:05,745] INFO Cleaner 0: Swapping in cleaned segment LogSegment(baseOffset=0, size=620, lastModifiedTime=1715936285777, largestRecordTimestamp=Some(1715936285776)) for segment(s) List(LogSegment(baseOffset=0, size=33998, lastModifiedTime=1715936285777, largestRecordTimestamp=Some(1715936285776))) in log Log(dir=c:\temp\kafka-logs\__consumer_offsets-26, topicId=GyZoo0jzSEyv4EqO79l0ZQ, topic=__consumer_offsets, partition=26, highWatermark=142, lastStableOffset=142, logStartOffset=0, logEndOffset=142) (kafka.log.LogCleaner)
[2024-10-16 15:12:05,787] INFO Cleaner 0: Beginning cleaning of log __consumer_offsets-26 (kafka.log.LogCleaner)
[2024-10-16 15:12:05,787] INFO Cleaner 0: Building offset map for __consumer_offsets-26... (kafka.log.LogCleaner)
[2024-10-16 15:12:05,831] INFO Cleaner 0: Building offset map for log __consumer_offsets-26 for 1 segments in offset range [0, 135). (kafka.log.LogCleaner)
[2024-10-16 15:12:05,843] INFO Cleaner 0: Offset map for log __consumer_offsets-26 complete. (kafka.log.LogCleaner)
[2024-10-16 15:12:05,844] INFO Cleaner 0: Cleaning log __consumer_offsets-26 (cleaning prior to Fri May 17 14:28:05 IST 2024, discarding tombstones prior to upper bound deletion horizon Thu Jan 01 05:30:00 IST 1970)... (kafka.log.LogCleaner)
[2024-10-16 15:12:05,863] INFO Cleaner 0: Beginning cleaning of log __consumer_offsets-26 (kafka.log.LogCleaner)
[2024-10-16 15:12:05,863] INFO Cleaner 0: Building offset map for __consumer_offsets-26... (kafka.log.LogCleaner)
[2024-10-16 15:12:38,341] INFO Starting the log cleaner (kafka.log.LogCleaner)
[2024-10-16 15:12:38,467] INFO [kafka-log-cleaner-thread-0]: Starting (kafka.log.LogCleaner)
[2024-10-16 15:12:53,528] INFO Cleaner 0: Beginning cleaning of log __consumer_offsets-26 (kafka.log.LogCleaner)
[2024-10-16 15:12:53,529] INFO Cleaner 0: Building offset map for __consumer_offsets-26... (kafka.log.LogCleaner)
[2024-10-16 15:12:53,568] INFO Cleaner 0: Building offset map for log __consumer_offsets-26 for 1 segments in offset range [0, 135). (kafka.log.LogCleaner)
[2024-10-16 15:12:53,599] INFO Cleaner 0: Offset map for log __consumer_offsets-26 complete. (kafka.log.LogCleaner)
[2024-10-16 15:12:53,601] INFO Cleaner 0: Cleaning log __consumer_offsets-26 (cleaning prior to Fri May 17 14:28:05 IST 2024, discarding tombstones prior to upper bound deletion horizon Thu Jan 01 05:30:00 IST 1970)... (kafka.log.LogCleaner)
[2024-10-16 15:12:53,608] INFO Cleaner 0: Cleaning LogSegment(baseOffset=0, size=33998, lastModifiedTime=1715936285777, largestRecordTimestamp=Some(1715936285776)) in log __consumer_offsets-26 into 0 with an upper bound deletion horizon 0 computed from the segment last modified time of 1715936285777,retaining deletes. (kafka.log.LogCleaner)
[2024-10-16 15:12:53,649] INFO Cleaner 0: Swapping in cleaned segment LogSegment(baseOffset=0, size=620, lastModifiedTime=1715936285777, largestRecordTimestamp=Some(1715936285776)) for segment(s) List(LogSegment(baseOffset=0, size=33998, lastModifiedTime=1715936285777, largestRecordTimestamp=Some(1715936285776))) in log Log(dir=c:\temp\kafka-logs\__consumer_offsets-26, topicId=GyZoo0jzSEyv4EqO79l0ZQ, topic=__consumer_offsets, partition=26, highWatermark=142, lastStableOffset=142, logStartOffset=0, logEndOffset=142) (kafka.log.LogCleaner)
[2024-10-16 15:12:53,670] INFO Cleaner 0: Beginning cleaning of log __consumer_offsets-26 (kafka.log.LogCleaner)
[2024-10-16 15:12:53,670] INFO Cleaner 0: Building offset map for __consumer_offsets-26... (kafka.log.LogCleaner)
